<?xml version="1.0" encoding="UTF-8"?>
<testng-results ignored="0" total="3" passed="3" failed="0" skipped="0">
  <reporter-output>
  </reporter-output>
  <suite started-at="2022-12-01T14:21:39 IST" name="Suite" finished-at="2022-12-01T14:21:39 IST" duration-ms="127">
    <groups>
    </groups>
    <test started-at="2022-12-01T14:21:39 IST" name="Test1" finished-at="2022-12-01T14:21:39 IST" duration-ms="42">
      <class name="day2.Test1">
        <test-method signature="test1(int)[pri:0, instance:day2.Test1@4efc180e]" started-at="2022-12-01T14:21:39 IST" name="test1" finished-at="2022-12-01T14:21:39 IST" duration-ms="7" status="PASS">
          <params>
            <param index="0">
              <value>
                <![CDATA[5]]>
              </value>
            </param>
          </params>
          <reporter-output>
          </reporter-output>
        </test-method> <!-- test1 -->
      </class> <!-- day2.Test1 -->
    </test> <!-- Test1 -->
    <test started-at="2022-12-01T14:21:39 IST" name="Test2" finished-at="2022-12-01T14:21:39 IST" duration-ms="4">
      <class name="day2.Test2">
        <test-method signature="palindrome(java.lang.String)[pri:0, instance:day2.Test2@659499f1]" started-at="2022-12-01T14:21:39 IST" name="palindrome" finished-at="2022-12-01T14:21:39 IST" duration-ms="0" status="PASS">
          <params>
            <param index="0">
              <value>
                <![CDATA[abcdcba]]>
              </value>
            </param>
          </params>
          <reporter-output>
          </reporter-output>
        </test-method> <!-- palindrome -->
      </class> <!-- day2.Test2 -->
    </test> <!-- Test2 -->
    <test started-at="2022-12-01T14:21:39 IST" name="Test3" finished-at="2022-12-01T14:21:39 IST" duration-ms="3">
      <class name="day2.Test3">
        <test-method signature="areaOfCircle(double,int)[pri:0, instance:day2.Test3@26e356f0]" started-at="2022-12-01T14:21:39 IST" name="areaOfCircle" finished-at="2022-12-01T14:21:39 IST" duration-ms="1" status="PASS">
          <params>
            <param index="0">
              <value>
                <![CDATA[12.566370614359172]]>
              </value>
            </param>
            <param index="1">
              <value>
                <![CDATA[2]]>
              </value>
            </param>
          </params>
          <reporter-output>
          </reporter-output>
        </test-method> <!-- areaOfCircle -->
      </class> <!-- day2.Test3 -->
    </test> <!-- Test3 -->
  </suite> <!-- Suite -->
</testng-results>
